[2024-11-04 13:44:29] Starting GNU Radio module setup and verification process
[2024-11-04 13:44:29] Log file created at: gnuradio_module_setup_20241104_134429.log
[2024-11-04 13:44:29] Script directory: /home/subramaniam/PhD/rf-channel-simulator/custom-module-automation
[2024-11-04 13:44:29] Module name: customModule
[2024-11-04 13:44:29] Block name: custom_file_writer
[2024-11-04 13:44:29] Checking system requirements...
[2024-11-04 13:44:29] Checking system requirements...
[0;32m[1m[✓][0m Python version: 3.10.12
[0;32m[1m[✓][0m Python version: 3.10.12
[0;32m[1m[✓][0m Available system memory: 5867MB
[0;32m[1m[✓][0m Available system memory: 5867MB
[0;32m[1m[✓][0m Available disk space: 79871MB
[0;32m[1m[✓][0m Available disk space: 79871MB
[2024-11-04 13:44:29] Installing and verifying dependencies...
[2024-11-04 13:44:29] Installing and verifying dependencies...
Hit:1 http://gb.archive.ubuntu.com/ubuntu jammy InRelease
Hit:2 http://gb.archive.ubuntu.com/ubuntu jammy-updates InRelease
Hit:3 http://gb.archive.ubuntu.com/ubuntu jammy-backports InRelease
Hit:4 http://ppa.launchpad.net/git-core/ppa/ubuntu jammy InRelease
Hit:5 https://packages.microsoft.com/repos/ms-teams stable InRelease
Hit:6 https://dl.google.com/linux/chrome/deb stable InRelease
Hit:7 https://linux.teamviewer.com/deb stable InRelease
Hit:8 https://download.docker.com/linux/ubuntu jammy InRelease
Hit:9 https://esm.ubuntu.com/apps/ubuntu jammy-apps-security InRelease
Hit:10 https://repo.radeon.com/amdgpu/5.4.3/ubuntu jammy InRelease
Hit:11 https://esm.ubuntu.com/apps/ubuntu jammy-apps-updates InRelease
Hit:12 https://esm.ubuntu.com/infra/ubuntu jammy-infra-security InRelease
Hit:13 https://esm.ubuntu.com/infra/ubuntu jammy-infra-updates InRelease
Hit:14 https://ppa.launchpadcontent.net/git-core/ppa/ubuntu jammy InRelease
Hit:15 https://ppa.launchpadcontent.net/gnuradio/gnuradio-releases/ubuntu jammy InRelease
Hit:16 https://ppa.launchpadcontent.net/touchegg/stable/ubuntu jammy InRelease
Hit:17 https://ppa.launchpadcontent.net/umang/indicator-stickynotes/ubuntu jammy InRelease
Hit:18 http://security.ubuntu.com/ubuntu jammy-security InRelease
Hit:19 https://repo.radeon.com/rocm/apt/5.4.3 jammy InRelease
Reading package lists...
[2024-11-04 13:44:36] Installing libvolk-dev...
[2024-11-04 13:44:36] Installing libvolk-dev...
Reading package lists...
Building dependency tree...
Reading state information...
Package libvolk-dev is not available, but is referred to by another package.
This may mean that the package is missing, has been obsoleted, or
is only available from another source
However the following packages replace it:
  libvolk2-dev

E: Package 'libvolk-dev' has no installation candidate
[0;31m[1m[✗] ERROR:[0m Failed to install libvolk-dev
[0;31m[1m[✗] ERROR:[0m Failed to install libvolk-dev
Check gnuradio_module_setup_20241104_134429.log for details
