[2024-10-29 15:10:16] Starting GNU Radio module setup and verification process
[2024-10-29 15:10:16] Log file created at: gnuradio_module_setup_20241029_151016.log
[2024-10-29 15:10:16] Script directory: /home/henry/GRC/rf-channel-simulator/custom-module-automation
[2024-10-29 15:10:16] Module name: customModule
[2024-10-29 15:10:16] Block name: custom_file_writer
[2024-10-29 15:10:16] Detecting GNU Radio installation paths...
[2024-10-29 15:10:16] Detecting GNU Radio installation paths...
gnuradio-config-info: error while loading shared libraries: libvolk.so.2.5: cannot open shared object file: No such file or directory
gnuradio-config-info: error while loading shared libraries: libvolk.so.2.5: cannot open shared object file: No such file or directory
gnuradio-config-info: error while loading shared libraries: libvolk.so.2.5: cannot open shared object file: No such file or directory
gnuradio-config-info: error while loading shared libraries: libvolk.so.2.5: cannot open shared object file: No such file or directory
[2024-10-29 15:10:16] Found GNU Radio paths:
[2024-10-29 15:10:16] Found GNU Radio paths:
[2024-10-29 15:10:16] Prefix: 
[2024-10-29 15:10:16] Prefix: 
[2024-10-29 15:10:16] User directory: 
[2024-10-29 15:10:16] User directory: 
[2024-10-29 15:10:16] Blocks Path: /share/gnuradio/grc/blocks
[2024-10-29 15:10:16] Blocks Path: /share/gnuradio/grc/blocks
[2024-10-29 15:10:16] Python path:
[2024-10-29 15:10:16] Python path:

/usr/lib/python312.zip
/usr/lib/python3.12
/usr/lib/python3.12/lib-dynload
/usr/local/lib/python3.12/dist-packages
/usr/lib/python3/dist-packages

/usr/lib/python312.zip
/usr/lib/python3.12
/usr/lib/python3.12/lib-dynload
/usr/local/lib/python3.12/dist-packages
/usr/lib/python3/dist-packages
[2024-10-29 15:10:16] Found GNU Radio directory at: /usr/local/share/gnuradio
[2024-10-29 15:10:16] Found GNU Radio directory at: /usr/local/share/gnuradio
[2024-10-29 15:10:16] Using paths:
[2024-10-29 15:10:16] Using paths:
[2024-10-29 15:10:16] Parent Directory: /usr/local/share/gnuradio
[2024-10-29 15:10:16] Parent Directory: /usr/local/share/gnuradio
[2024-10-29 15:10:16] Module Directory: /usr/local/share/gnuradio/gr-customModule
[2024-10-29 15:10:16] Module Directory: /usr/local/share/gnuradio/gr-customModule
[2024-10-29 15:10:16] GRC Path: /usr/local/share/gnuradio/gr-customModule/grc
[2024-10-29 15:10:16] GRC Path: /usr/local/share/gnuradio/gr-customModule/grc
[2024-10-29 15:10:16] Python Path: /usr/local/share/gnuradio/gr-customModule/python/customModule
[2024-10-29 15:10:16] Python Path: /usr/local/share/gnuradio/gr-customModule/python/customModule
[2024-10-29 15:10:16] Checking and installing dependencies...
[2024-10-29 15:10:16] Checking and installing dependencies...
[2024-10-29 15:10:16] GNU Radio is installed.
[2024-10-29 15:10:16] GNU Radio is installed.
gnuradio-config-info: error while loading shared libraries: libvolk.so.2.5: cannot open shared object file: No such file or directory
[2024-10-29 15:10:16] GNU Radio version: 
[2024-10-29 15:10:16] GNU Radio version: 
[2024-10-29 15:10:16] CMake is installed.
[2024-10-29 15:10:16] CMake is installed.
[2024-10-29 15:10:16] CMake version: cmake version 3.28.3
[2024-10-29 15:10:16] CMake version: cmake version 3.28.3
[2024-10-29 15:10:16] gr_modtool is available.
[2024-10-29 15:10:16] gr_modtool is available.
[2024-10-29 15:10:16] Creating or backing up module...
[2024-10-29 15:10:16] Creating or backing up module...
[2024-10-29 15:10:16] Existing module found at /usr/local/share/gnuradio/gr-customModule
[2024-10-29 15:10:16] Existing module found at /usr/local/share/gnuradio/gr-customModule
[2024-10-29 15:10:16] Creating backup at /home/henry/backup_gr_customModule_20241029_151016
[2024-10-29 15:10:16] Creating backup at /home/henry/backup_gr_customModule_20241029_151016
[2024-10-29 15:10:16] Adding custom block...
[2024-10-29 15:10:16] Custom block already exists.
[2024-10-29 15:10:16] Copying block files...
[2024-10-29 15:10:16] Copied Python block file
[2024-10-29 15:10:16] Copied YAML block file
[2024-10-29 15:10:16] Building and installing module...
[2024-10-29 15:10:16] Running CMake...
-- The CXX compiler identification is GNU 13.2.0
-- The C compiler identification is GNU 13.2.0
-- Detecting CXX compiler ABI info
-- Detecting CXX compiler ABI info - done
-- Check for working CXX compiler: /usr/bin/c++ - skipped
-- Detecting CXX compile features
-- Detecting CXX compile features - done
-- Detecting C compiler ABI info
-- Detecting C compiler ABI info - done
-- Check for working C compiler: /usr/bin/cc - skipped
-- Detecting C compile features
-- Detecting C compile features - done
-- Performing Test CMAKE_HAVE_LIBC_PTHREAD
-- Performing Test CMAKE_HAVE_LIBC_PTHREAD - Success
-- Found Threads: TRUE  
-- Found PkgConfig: /usr/bin/pkg-config (found version "1.8.1") 
-- Checking for module 'gmp'
--   Found gmp, version 6.3.0
-- Found GMP: /usr/lib/x86_64-linux-gnu/libgmpxx.so  
-- Using GMP.
-- Found MPLIB: /usr/lib/x86_64-linux-gnu/libgmpxx.so  
-- Found Boost: /usr/lib/x86_64-linux-gnu/cmake/Boost-1.83.0/BoostConfig.cmake (found suitable version "1.83.0", minimum required is "1.83.0") found components: date_time program_options system regex thread unit_test_framework 
-- Found Volk: Volk::volk  
-- Performing Test HAVE_VISIBILITY_HIDDEN
-- Performing Test HAVE_VISIBILITY_HIDDEN - Success
-- Performing Test HAVE_WARN_SIGN_COMPARE
-- Performing Test HAVE_WARN_SIGN_COMPARE - Success
-- Performing Test HAVE_WARN_ALL
-- Performing Test HAVE_WARN_ALL - Success
-- Performing Test HAVE_WARN_NO_UNINITIALIZED
-- Performing Test HAVE_WARN_NO_UNINITIALIZED - Success
-- Found Git: /usr/bin/git  
-- Found Doxygen: /usr/bin/doxygen (found version "1.9.8") found components: doxygen missing components: dot
-- No C++ sources... skipping lib/
-- User set python executable /usr/bin/python3
CMake Warning (dev) at /usr/local/lib/cmake/gnuradio/GrPython.cmake:21 (find_package):
  Policy CMP0148 is not set: The FindPythonInterp and FindPythonLibs modules
  are removed.  Run "cmake --help-policy CMP0148" for policy details.  Use
  the cmake_policy command to set the policy and suppress this warning.

Call Stack (most recent call first):
  apps/CMakeLists.txt:9 (include)
This warning is for project developers.  Use -Wno-dev to suppress it.

-- Found PythonInterp: /usr/bin/python3 (found suitable version "3.12.3", minimum required is "3.7.2") 
CMake Warning (dev) at /usr/local/lib/cmake/gnuradio/GrPython.cmake:27 (find_package):
  Policy CMP0148 is not set: The FindPythonInterp and FindPythonLibs modules
  are removed.  Run "cmake --help-policy CMP0148" for policy details.  Use
  the cmake_policy command to set the policy and suppress this warning.

Call Stack (most recent call first):
  apps/CMakeLists.txt:9 (include)
This warning is for project developers.  Use -Wno-dev to suppress it.

-- Found PythonLibs: /usr/lib/x86_64-linux-gnu/libpython3.12.so (found suitable exact version "3.12.3") 
<string>:3: SyntaxWarning: invalid escape sequence '\W'
-- PYTHON and GRC components are disabled
-- Configuring done (0.9s)
-- Generating done (0.0s)
-- Build files have been written to: /usr/local/share/gnuradio/gr-customModule/build
[2024-10-29 15:10:17] Building...
[  0%] Built target pygen_apps_9a6dd283c3de653fbca500f9721f634f
[100%] Generating documentation with doxygen
warning: Tag 'HTML_TIMESTAMP' at line 977 of file '/usr/local/share/gnuradio/gr-customModule/build/docs/doxygen/Doxyfile' has become obsolete.
         To avoid this warning please remove this line from your configuration file or upgrade it using "doxygen -u"
warning: Tag 'FORMULA_TRANSPARENT' at line 1199 of file '/usr/local/share/gnuradio/gr-customModule/build/docs/doxygen/Doxyfile' has become obsolete.
         To avoid this warning please remove this line from your configuration file or upgrade it using "doxygen -u"
warning: Tag 'LATEX_SOURCE_CODE' at line 1397 of file '/usr/local/share/gnuradio/gr-customModule/build/docs/doxygen/Doxyfile' has become obsolete.
         To avoid this warning please remove this line from your configuration file or upgrade it using "doxygen -u"
warning: Tag 'CLASS_DIAGRAMS' at line 1678 of file '/usr/local/share/gnuradio/gr-customModule/build/docs/doxygen/Doxyfile' has become obsolete.
         To avoid this warning please remove this line from your configuration file or upgrade it using "doxygen -u"
warning: Tag 'DOT_FONTNAME' at line 1708 of file '/usr/local/share/gnuradio/gr-customModule/build/docs/doxygen/Doxyfile' has become obsolete.
         To avoid this warning please remove this line from your configuration file or upgrade it using "doxygen -u"
warning: Tag 'DOT_FONTSIZE' at line 1713 of file '/usr/local/share/gnuradio/gr-customModule/build/docs/doxygen/Doxyfile' has become obsolete.
         To avoid this warning please remove this line from your configuration file or upgrade it using "doxygen -u"
warning: Tag 'DOT_TRANSPARENT' at line 1862 of file '/usr/local/share/gnuradio/gr-customModule/build/docs/doxygen/Doxyfile' has become obsolete.
         To avoid this warning please remove this line from your configuration file or upgrade it using "doxygen -u"
[100%] Built target doxygen_target
[2024-10-29 15:10:17] Installing...
[  0%] Built target pygen_apps_9a6dd283c3de653fbca500f9721f634f
[100%] Built target doxygen_target
Install the project...
-- Install configuration: "Release"
-- Up-to-date: /usr/local/lib/cmake/gnuradio-customModule/gnuradio-customModuleConfig.cmake
-- Up-to-date: /usr/local/include/gnuradio/customModule/api.h
-- Up-to-date: /usr/local/share/doc/gr-customModule/xml
-- Installing: /usr/local/share/doc/gr-customModule/xml/indexpage.xml
-- Installing: /usr/local/share/doc/gr-customModule/xml/group__block.xml
-- Installing: /usr/local/share/doc/gr-customModule/xml/compound.xsd
-- Installing: /usr/local/share/doc/gr-customModule/xml/index.xml
-- Installing: /usr/local/share/doc/gr-customModule/xml/dir_902d6fe55786be073ae6681293cdb979.xml
-- Installing: /usr/local/share/doc/gr-customModule/xml/dir_f2cd86917185299abf5a1f0679072f3c.xml
-- Installing: /usr/local/share/doc/gr-customModule/xml/dir_d44c64559bbebec7f509842c48db8b23.xml
-- Installing: /usr/local/share/doc/gr-customModule/xml/xml.xsd
-- Installing: /usr/local/share/doc/gr-customModule/xml/index.xsd
-- Installing: /usr/local/share/doc/gr-customModule/xml/main__page_8dox.xml
-- Installing: /usr/local/share/doc/gr-customModule/xml/Doxyfile.xml
-- Installing: /usr/local/share/doc/gr-customModule/xml/combine.xslt
-- Installing: /usr/local/share/doc/gr-customModule/xml/api_8h.xml
-- Installing: /usr/local/share/doc/gr-customModule/xml/group__defs_8dox.xml
-- Installing: /usr/local/share/doc/gr-customModule/xml/dir_359d2bec989c9a8deeeb9aee335c1c76.xml
-- Installing: /usr/local/share/doc/gr-customModule/xml/doxyfile.xsd
-- Installing: /usr/local/share/doc/gr-customModule/xml/namespacestd.xml
-- Installing: /usr/local/share/doc/gr-customModule/xml/pydoc__macros_8h.xml
-- Installing: /usr/local/share/doc/gr-customModule/xml/dir_49e56c817e5e54854c35e136979f97ca.xml
-- Installing: /usr/local/share/doc/gr-customModule/xml/dir_91ae7363f720a5ef22927ff13906c8a2.xml
-- Up-to-date: /usr/local/share/doc/gr-customModule/html
-- Installing: /usr/local/share/doc/gr-customModule/html/pydoc__macros_8h_source.html
-- Installing: /usr/local/share/doc/gr-customModule/html/dynsections.js
-- Installing: /usr/local/share/doc/gr-customModule/html/sync_on.png
-- Installing: /usr/local/share/doc/gr-customModule/html/folderclosed.svg
-- Installing: /usr/local/share/doc/gr-customModule/html/globals_defs.html
-- Installing: /usr/local/share/doc/gr-customModule/html/dir_902d6fe55786be073ae6681293cdb979.js
-- Installing: /usr/local/share/doc/gr-customModule/html/nav_g.png
-- Installing: /usr/local/share/doc/gr-customModule/html/index.html
-- Installing: /usr/local/share/doc/gr-customModule/html/navtreedata.js
-- Installing: /usr/local/share/doc/gr-customModule/html/minus.svg
-- Installing: /usr/local/share/doc/gr-customModule/html/doxygen.css
-- Installing: /usr/local/share/doc/gr-customModule/html/dir_49e56c817e5e54854c35e136979f97ca.html
-- Installing: /usr/local/share/doc/gr-customModule/html/dir_902d6fe55786be073ae6681293cdb979.html
-- Installing: /usr/local/share/doc/gr-customModule/html/folderopend.svg
-- Installing: /usr/local/share/doc/gr-customModule/html/main__page_8dox.html
-- Installing: /usr/local/share/doc/gr-customModule/html/dir_91ae7363f720a5ef22927ff13906c8a2.html
-- Installing: /usr/local/share/doc/gr-customModule/html/dir_91ae7363f720a5ef22927ff13906c8a2.js
-- Installing: /usr/local/share/doc/gr-customModule/html/api_8h.html
-- Installing: /usr/local/share/doc/gr-customModule/html/jquery.js
-- Installing: /usr/local/share/doc/gr-customModule/html/files_dup.js
-- Installing: /usr/local/share/doc/gr-customModule/html/navtree.js
-- Installing: /usr/local/share/doc/gr-customModule/html/group__defs_8dox.html
-- Installing: /usr/local/share/doc/gr-customModule/html/doc.svg
-- Installing: /usr/local/share/doc/gr-customModule/html/resize.js
-- Installing: /usr/local/share/doc/gr-customModule/html/pydoc__macros_8h.html
-- Installing: /usr/local/share/doc/gr-customModule/html/doxygen.svg
-- Installing: /usr/local/share/doc/gr-customModule/html/group__block.html
-- Installing: /usr/local/share/doc/gr-customModule/html/dir_49e56c817e5e54854c35e136979f97ca.js
-- Installing: /usr/local/share/doc/gr-customModule/html/dir_d44c64559bbebec7f509842c48db8b23.html
-- Installing: /usr/local/share/doc/gr-customModule/html/open.png
-- Installing: /usr/local/share/doc/gr-customModule/html/navtreeindex0.js
-- Installing: /usr/local/share/doc/gr-customModule/html/folderclosedd.svg
-- Installing: /usr/local/share/doc/gr-customModule/html/bc_sd.png
-- Installing: /usr/local/share/doc/gr-customModule/html/nav_h.png
-- Installing: /usr/local/share/doc/gr-customModule/html/dir_d44c64559bbebec7f509842c48db8b23.js
-- Installing: /usr/local/share/doc/gr-customModule/html/dir_359d2bec989c9a8deeeb9aee335c1c76.js
-- Installing: /usr/local/share/doc/gr-customModule/html/dir_f2cd86917185299abf5a1f0679072f3c.html
-- Installing: /usr/local/share/doc/gr-customModule/html/topics.js
-- Installing: /usr/local/share/doc/gr-customModule/html/tab_sd.png
-- Installing: /usr/local/share/doc/gr-customModule/html/tab_a.png
-- Installing: /usr/local/share/doc/gr-customModule/html/pydoc__macros_8h.js
-- Installing: /usr/local/share/doc/gr-customModule/html/nav_f.png
-- Installing: /usr/local/share/doc/gr-customModule/html/splitbar.png
-- Installing: /usr/local/share/doc/gr-customModule/html/api_8h.js
-- Installing: /usr/local/share/doc/gr-customModule/html/bc_s.png
-- Installing: /usr/local/share/doc/gr-customModule/html/nav_fd.png
-- Installing: /usr/local/share/doc/gr-customModule/html/nav_hd.png
-- Installing: /usr/local/share/doc/gr-customModule/html/sync_off.png
-- Installing: /usr/local/share/doc/gr-customModule/html/plus.svg
-- Installing: /usr/local/share/doc/gr-customModule/html/docd.svg
-- Installing: /usr/local/share/doc/gr-customModule/html/tabs.css
-- Installing: /usr/local/share/doc/gr-customModule/html/topics.html
-- Installing: /usr/local/share/doc/gr-customModule/html/minusd.svg
-- Installing: /usr/local/share/doc/gr-customModule/html/tab_b.png
-- Installing: /usr/local/share/doc/gr-customModule/html/tab_h.png
-- Installing: /usr/local/share/doc/gr-customModule/html/plusd.svg
-- Installing: /usr/local/share/doc/gr-customModule/html/api_8h_source.html
-- Installing: /usr/local/share/doc/gr-customModule/html/closed.png
-- Installing: /usr/local/share/doc/gr-customModule/html/folderopen.svg
-- Installing: /usr/local/share/doc/gr-customModule/html/files.html
-- Installing: /usr/local/share/doc/gr-customModule/html/globals.html
-- Installing: /usr/local/share/doc/gr-customModule/html/navtree.css
-- Installing: /usr/local/share/doc/gr-customModule/html/tab_s.png
-- Installing: /usr/local/share/doc/gr-customModule/html/tab_hd.png
-- Installing: /usr/local/share/doc/gr-customModule/html/dir_359d2bec989c9a8deeeb9aee335c1c76.html
-- Installing: /usr/local/share/doc/gr-customModule/html/splitbard.png
-- Installing: /usr/local/share/doc/gr-customModule/html/tab_ad.png
-- Installing: /usr/local/share/doc/gr-customModule/html/tab_bd.png
[2024-10-29 15:10:17] Updating GRC block cache...
usage: grcc [-h] [-o DIR] [-u] [-r] GRC_FILE [GRC_FILE ...]
grcc: error: the following arguments are required: GRC_FILE
[2024-10-29 15:10:17] Verifying installation...
[2024-10-29 15:10:17] WARNING: Python module 'customModule' is not importable
[2024-10-29 15:10:17] Attempting to fix common issues...
usage: grcc [-h] [-o DIR] [-u] [-r] GRC_FILE [GRC_FILE ...]
grcc: error: the following arguments are required: GRC_FILE
usage: grcc [-h] [-o DIR] [-u] [-r] GRC_FILE [GRC_FILE ...]
grcc: error: the following arguments are required: GRC_FILE
[2024-10-29 15:10:18] Common fixes applied
[2024-10-29 15:10:18] Installation and verification completed
[2024-10-29 15:10:18] Log file: gnuradio_module_setup_20241029_151016.log
[2024-10-29 15:10:18] Next steps:
[2024-10-29 15:10:18] 1. Run: gnuradio-companion
[2024-10-29 15:10:18] 2. Click 'Tools' -> 'Reload Blocks'
[2024-10-29 15:10:18] 3. Search for 'custom_file_writer' in the blocks list
[2024-10-29 15:10:18] 4. Check log file for details: gnuradio_module_setup_20241029_151016.log
[2024-10-29 15:10:18] Script completed. Check gnuradio_module_setup_20241029_151016.log for details.
